<?xml version="1.0" encoding="UTF-8"?>
<!-- Generated by org.testng.reporters.JUnitReportReporter -->
<testsuite hostname="LAPTOP-N7NAH9MI" failures="0" tests="1" name="HealthGraph.Assignment" time="31.836" errors="0" timestamp="2022-10-08T11:33:13 IST" skipped="0">
  <testcase classname="HealthGraph.Assignment" name="SetUP" time="31.836"/>
  <system-out/>
</testsuite> <!-- HealthGraph.Assignment -->
